六月 06, 2018 7:47:06 上午 org.apache.catalina.startup.VersionLoggerListener log
信息: Server version:        Apache Tomcat/7.0.62
六月 06, 2018 7:47:06 上午 org.apache.catalina.startup.VersionLoggerListener log
信息: Server built:          May 7 2015 17:14:55 UTC
六月 06, 2018 7:47:06 上午 org.apache.catalina.startup.VersionLoggerListener log
信息: Server number:         7.0.62.0
六月 06, 2018 7:47:06 上午 org.apache.catalina.startup.VersionLoggerListener log
信息: OS Name:               Windows 10
六月 06, 2018 7:47:06 上午 org.apache.catalina.startup.VersionLoggerListener log
信息: OS Version:            10.0
六月 06, 2018 7:47:06 上午 org.apache.catalina.startup.VersionLoggerListener log
信息: Architecture:          x86
六月 06, 2018 7:47:06 上午 org.apache.catalina.startup.VersionLoggerListener log
信息: Java Home:             D:\Program Files\Java\jdk1.8.0_92\jre
六月 06, 2018 7:47:06 上午 org.apache.catalina.startup.VersionLoggerListener log
信息: JVM Version:           1.8.0_92-b14
六月 06, 2018 7:47:06 上午 org.apache.catalina.startup.VersionLoggerListener log
信息: JVM Vendor:            Oracle Corporation
六月 06, 2018 7:47:06 上午 org.apache.catalina.startup.VersionLoggerListener log
信息: CATALINA_BASE:         C:/Users/u/Desktop/red/redsqirl-hadoop-2.7.3-hive-1.2.1--1.5/apache-tomcat-7.0.42
六月 06, 2018 7:47:06 上午 org.apache.catalina.startup.VersionLoggerListener log
信息: CATALINA_HOME:         C:/Users/u/Desktop/red/redsqirl-hadoop-2.7.3-hive-1.2.1--1.5/apache-tomcat-7.0.42
六月 06, 2018 7:47:06 上午 org.apache.catalina.startup.VersionLoggerListener log
信息: Command line argument: -Djava.util.logging.config.file=C:/Users/u/Desktop/red/redsqirl-hadoop-2.7.3-hive-1.2.1--1.5/apache-tomcat-7.0.42/conf/logging.properties
六月 06, 2018 7:47:06 上午 org.apache.catalina.startup.VersionLoggerListener log
信息: Command line argument: -Djava.util.logging.manager=org.apache.juli.ClassLoaderLogManager
六月 06, 2018 7:47:06 上午 org.apache.catalina.startup.VersionLoggerListener log
信息: Command line argument: -Djava.endorsed.dirs=C:/Users/u/Desktop/red/redsqirl-hadoop-2.7.3-hive-1.2.1--1.5/apache-tomcat-7.0.42/endorsed
六月 06, 2018 7:47:06 上午 org.apache.catalina.startup.VersionLoggerListener log
信息: Command line argument: -Dcatalina.base=C:/Users/u/Desktop/red/redsqirl-hadoop-2.7.3-hive-1.2.1--1.5/apache-tomcat-7.0.42
六月 06, 2018 7:47:06 上午 org.apache.catalina.startup.VersionLoggerListener log
信息: Command line argument: -Dcatalina.home=C:/Users/u/Desktop/red/redsqirl-hadoop-2.7.3-hive-1.2.1--1.5/apache-tomcat-7.0.42
六月 06, 2018 7:47:06 上午 org.apache.catalina.startup.VersionLoggerListener log
信息: Command line argument: -Djava.io.tmpdir=C:/Users/u/Desktop/red/redsqirl-hadoop-2.7.3-hive-1.2.1--1.5/apache-tomcat-7.0.42/temp
六月 06, 2018 7:47:06 上午 org.apache.catalina.core.AprLifecycleListener lifecycleEvent
信息: The APR based Apache Tomcat Native library which allows optimal performance in production environments was not found on the java.library.path: D:\Program Files\Java\jdk1.8.0_92\bin;C:\WINDOWS\Sun\Java\bin;C:\WINDOWS\system32;C:\WINDOWS;C:\Users\u\bin;D:\Program Files\Git\mingw32\bin;D:\Program Files\Git\usr\local\bin;D:\Program Files\Git\usr\bin;D:\Program Files\Git\usr\bin;D:\Program Files\Git\mingw32\bin;D:\Program Files\Git\usr\bin;C:\Users\u\bin;C:\WINDOWS\system32;C:\WINDOWS;C:\WINDOWS\System32\Wbem;C:\WINDOWS\System32\WindowsPowerShell\v1.0;C:\Program Files\ATI Technologies\ATI.ACE\Core-Static;C:\WINDOWS\System32\OpenSSH;D:\Program Files\Git\cmd;C:\Users\u\AppData\Local\Microsoft\WindowsApps;D:\grails-3.3.5\bin;D:\neo-java-web-sdk-3.47.19\tools;D:\Program Files\CloudFoundry;D:\Program Files\Java\jdk1.8.0_92\bin;D:\OpenSSL-Win32\bin;D:\Program Files\Git\usr\bin\vendor_perl;D:\Program Files\Git\usr\bin\core_perl;.
六月 06, 2018 7:47:07 上午 org.apache.coyote.AbstractProtocol init
信息: Initializing ProtocolHandler ["http-nio-8080"]
六月 06, 2018 7:47:10 上午 org.apache.coyote.AbstractProtocol init
严重: Failed to initialize end point associated with ProtocolHandler ["http-nio-8080"]
java.io.IOException: Invalid keystore format
	at sun.security.provider.JavaKeyStore.engineLoad(JavaKeyStore.java:658)
	at sun.security.provider.JavaKeyStore$JKS.engineLoad(JavaKeyStore.java:56)
	at sun.security.provider.KeyStoreDelegator.engineLoad(KeyStoreDelegator.java:224)
	at sun.security.provider.JavaKeyStore$DualFormatJKS.engineLoad(JavaKeyStore.java:70)
	at java.security.KeyStore.load(KeyStore.java:1445)
	at org.apache.tomcat.util.net.jsse.JSSESocketFactory.getStore(JSSESocketFactory.java:429)
	at org.apache.tomcat.util.net.jsse.JSSESocketFactory.getKeystore(JSSESocketFactory.java:328)
	at org.apache.tomcat.util.net.jsse.JSSESocketFactory.getKeyManagers(JSSESocketFactory.java:586)
	at org.apache.tomcat.util.net.jsse.JSSESocketFactory.getKeyManagers(JSSESocketFactory.java:526)
	at org.apache.tomcat.util.net.NioEndpoint.bind(NioEndpoint.java:494)
	at org.apache.tomcat.util.net.AbstractEndpoint.init(AbstractEndpoint.java:649)
	at org.apache.coyote.AbstractProtocol.init(AbstractProtocol.java:434)
	at org.apache.coyote.http11.AbstractHttp11JsseProtocol.init(AbstractHttp11JsseProtocol.java:119)
	at org.apache.catalina.connector.Connector.initInternal(Connector.java:978)
	at org.apache.catalina.util.LifecycleBase.init(LifecycleBase.java:102)
	at org.apache.catalina.core.StandardService.initInternal(StandardService.java:559)
	at org.apache.catalina.util.LifecycleBase.init(LifecycleBase.java:102)
	at org.apache.catalina.core.StandardServer.initInternal(StandardServer.java:821)
	at org.apache.catalina.util.LifecycleBase.init(LifecycleBase.java:102)
	at org.apache.catalina.startup.Catalina.load(Catalina.java:638)
	at org.apache.catalina.startup.Catalina.load(Catalina.java:663)
	at sun.reflect.NativeMethodAccessorImpl.invoke0(Native Method)
	at sun.reflect.NativeMethodAccessorImpl.invoke(NativeMethodAccessorImpl.java:62)
	at sun.reflect.DelegatingMethodAccessorImpl.invoke(DelegatingMethodAccessorImpl.java:43)
	at java.lang.reflect.Method.invoke(Method.java:498)
	at org.apache.catalina.startup.Bootstrap.load(Bootstrap.java:280)
	at org.apache.catalina.startup.Bootstrap.main(Bootstrap.java:454)

六月 06, 2018 7:47:10 上午 org.apache.catalina.core.StandardService initInternal
严重: Failed to initialize connector [Connector[org.apache.coyote.http11.Http11NioProtocol-8080]]
org.apache.catalina.LifecycleException: Failed to initialize component [Connector[org.apache.coyote.http11.Http11NioProtocol-8080]]
	at org.apache.catalina.util.LifecycleBase.init(LifecycleBase.java:106)
	at org.apache.catalina.core.StandardService.initInternal(StandardService.java:559)
	at org.apache.catalina.util.LifecycleBase.init(LifecycleBase.java:102)
	at org.apache.catalina.core.StandardServer.initInternal(StandardServer.java:821)
	at org.apache.catalina.util.LifecycleBase.init(LifecycleBase.java:102)
	at org.apache.catalina.startup.Catalina.load(Catalina.java:638)
	at org.apache.catalina.startup.Catalina.load(Catalina.java:663)
	at sun.reflect.NativeMethodAccessorImpl.invoke0(Native Method)
	at sun.reflect.NativeMethodAccessorImpl.invoke(NativeMethodAccessorImpl.java:62)
	at sun.reflect.DelegatingMethodAccessorImpl.invoke(DelegatingMethodAccessorImpl.java:43)
	at java.lang.reflect.Method.invoke(Method.java:498)
	at org.apache.catalina.startup.Bootstrap.load(Bootstrap.java:280)
	at org.apache.catalina.startup.Bootstrap.main(Bootstrap.java:454)
Caused by: org.apache.catalina.LifecycleException: Protocol handler initialization failed
	at org.apache.catalina.connector.Connector.initInternal(Connector.java:980)
	at org.apache.catalina.util.LifecycleBase.init(LifecycleBase.java:102)
	... 12 more
Caused by: java.io.IOException: Invalid keystore format
	at sun.security.provider.JavaKeyStore.engineLoad(JavaKeyStore.java:658)
	at sun.security.provider.JavaKeyStore$JKS.engineLoad(JavaKeyStore.java:56)
	at sun.security.provider.KeyStoreDelegator.engineLoad(KeyStoreDelegator.java:224)
	at sun.security.provider.JavaKeyStore$DualFormatJKS.engineLoad(JavaKeyStore.java:70)
	at java.security.KeyStore.load(KeyStore.java:1445)
	at org.apache.tomcat.util.net.jsse.JSSESocketFactory.getStore(JSSESocketFactory.java:429)
	at org.apache.tomcat.util.net.jsse.JSSESocketFactory.getKeystore(JSSESocketFactory.java:328)
	at org.apache.tomcat.util.net.jsse.JSSESocketFactory.getKeyManagers(JSSESocketFactory.java:586)
	at org.apache.tomcat.util.net.jsse.JSSESocketFactory.getKeyManagers(JSSESocketFactory.java:526)
	at org.apache.tomcat.util.net.NioEndpoint.bind(NioEndpoint.java:494)
	at org.apache.tomcat.util.net.AbstractEndpoint.init(AbstractEndpoint.java:649)
	at org.apache.coyote.AbstractProtocol.init(AbstractProtocol.java:434)
	at org.apache.coyote.http11.AbstractHttp11JsseProtocol.init(AbstractHttp11JsseProtocol.java:119)
	at org.apache.catalina.connector.Connector.initInternal(Connector.java:978)
	... 13 more

六月 06, 2018 7:47:10 上午 org.apache.coyote.AbstractProtocol init
信息: Initializing ProtocolHandler ["ajp-bio-8009"]
六月 06, 2018 7:47:10 上午 org.apache.catalina.startup.Catalina load
信息: Initialization processed in 5405 ms
六月 06, 2018 7:47:10 上午 org.apache.catalina.core.StandardService startInternal
信息: Starting service Catalina
六月 06, 2018 7:47:10 上午 org.apache.catalina.core.StandardEngine startInternal
信息: Starting Servlet Engine: Apache Tomcat/7.0.62
六月 06, 2018 7:47:10 上午 org.apache.catalina.startup.HostConfig deployWAR
信息: Deploying web application archive C:\Users\u\Desktop\red\redsqirl-hadoop-2.7.3-hive-1.2.1--1.5\apache-tomcat-7.0.42\webapps\redsqirl.war
六月 06, 2018 7:47:31 上午 org.apache.catalina.startup.TldConfig execute
信息: At least one JAR was scanned for TLDs yet contained no TLDs. Enable debug logging for this logger for a complete list of JARs that were scanned but no TLDs were found in them. Skipping unneeded JARs during scanning can improve startup time and JSP compilation time.
六月 06, 2018 7:47:31 上午 org.apache.catalina.core.StandardContext addApplicationListener
信息: The listener "com.sun.faces.config.ConfigureListener" is already configured for this context. The duplicate definition has been ignored.
六月 06, 2018 7:47:32 上午 com.sun.faces.config.WebConfiguration processBooleanParameters
警告: JSF1025: [/redsqirl] Context initialization parameter 'com.sun.faces.disableVersionTracking' is deprecated and will have no effect.  
六月 06, 2018 7:47:32 上午 com.sun.faces.config.ConfigureListener contextInitialized
信息: Initializing Mojarra (1.2_15-20100816-SNAPSHOT) for context '/redsqirl'
六月 06, 2018 7:47:34 上午 com.sun.faces.spi.InjectionProviderFactory createInstance
信息: JSF1048: PostConstruct/PreDestroy annotations present.  ManagedBeans methods marked with these annotations will have said annotations processed.
07:47:35,189 ERROR ServletContextApp:78 - Created registry
SLF4J: Failed to load class "org.slf4j.impl.StaticLoggerBinder".
SLF4J: Defaulting to no-operation (NOP) logger implementation
SLF4J: See http://www.slf4j.org/codes.html#StaticLoggerBinder for further details.
六月 06, 2018 7:47:35 上午 org.apache.catalina.startup.HostConfig deployWAR
信息: Deployment of web application archive C:\Users\u\Desktop\red\redsqirl-hadoop-2.7.3-hive-1.2.1--1.5\apache-tomcat-7.0.42\webapps\redsqirl.war has finished in 24,776 ms
六月 06, 2018 7:47:35 上午 org.apache.catalina.startup.HostConfig deployDirectory
信息: Deploying web application directory C:\Users\u\Desktop\red\redsqirl-hadoop-2.7.3-hive-1.2.1--1.5\apache-tomcat-7.0.42\webapps\docs
六月 06, 2018 7:47:35 上午 org.apache.catalina.startup.HostConfig deployDirectory
信息: Deployment of web application directory C:\Users\u\Desktop\red\redsqirl-hadoop-2.7.3-hive-1.2.1--1.5\apache-tomcat-7.0.42\webapps\docs has finished in 156 ms
六月 06, 2018 7:47:35 上午 org.apache.catalina.startup.HostConfig deployDirectory
信息: Deploying web application directory C:\Users\u\Desktop\red\redsqirl-hadoop-2.7.3-hive-1.2.1--1.5\apache-tomcat-7.0.42\webapps\examples
六月 06, 2018 7:47:38 上午 org.apache.catalina.startup.HostConfig deployDirectory
信息: Deployment of web application directory C:\Users\u\Desktop\red\redsqirl-hadoop-2.7.3-hive-1.2.1--1.5\apache-tomcat-7.0.42\webapps\examples has finished in 2,612 ms
六月 06, 2018 7:47:38 上午 org.apache.catalina.startup.HostConfig deployDirectory
信息: Deploying web application directory C:\Users\u\Desktop\red\redsqirl-hadoop-2.7.3-hive-1.2.1--1.5\apache-tomcat-7.0.42\webapps\host-manager
六月 06, 2018 7:47:38 上午 org.apache.catalina.startup.HostConfig deployDirectory
信息: Deployment of web application directory C:\Users\u\Desktop\red\redsqirl-hadoop-2.7.3-hive-1.2.1--1.5\apache-tomcat-7.0.42\webapps\host-manager has finished in 167 ms
六月 06, 2018 7:47:38 上午 org.apache.catalina.startup.HostConfig deployDirectory
信息: Deploying web application directory C:\Users\u\Desktop\red\redsqirl-hadoop-2.7.3-hive-1.2.1--1.5\apache-tomcat-7.0.42\webapps\manager
六月 06, 2018 7:47:38 上午 org.apache.catalina.startup.HostConfig deployDirectory
信息: Deployment of web application directory C:\Users\u\Desktop\red\redsqirl-hadoop-2.7.3-hive-1.2.1--1.5\apache-tomcat-7.0.42\webapps\manager has finished in 146 ms
六月 06, 2018 7:47:38 上午 org.apache.catalina.startup.HostConfig deployDirectory
信息: Deploying web application directory C:\Users\u\Desktop\red\redsqirl-hadoop-2.7.3-hive-1.2.1--1.5\apache-tomcat-7.0.42\webapps\ROOT
六月 06, 2018 7:47:38 上午 org.apache.catalina.startup.HostConfig deployDirectory
信息: Deployment of web application directory C:\Users\u\Desktop\red\redsqirl-hadoop-2.7.3-hive-1.2.1--1.5\apache-tomcat-7.0.42\webapps\ROOT has finished in 194 ms
六月 06, 2018 7:47:38 上午 org.apache.coyote.AbstractProtocol start
信息: Starting ProtocolHandler ["ajp-bio-8009"]
六月 06, 2018 7:47:38 上午 org.apache.catalina.startup.Catalina start
信息: Server startup in 28351 ms
六月 06, 2018 8:22:57 上午 org.apache.coyote.AbstractProtocol pause
信息: Pausing ProtocolHandler ["http-nio-8080"]
六月 06, 2018 8:22:57 上午 org.apache.coyote.AbstractProtocol pause
信息: Pausing ProtocolHandler ["ajp-bio-8009"]
六月 06, 2018 8:22:57 上午 org.apache.catalina.core.StandardService stopInternal
信息: Stopping service Catalina
六月 06, 2018 8:22:59 上午 org.apache.catalina.loader.WebappClassLoader clearReferencesThreads
严重: The web application [/redsqirl] appears to have started a thread named [DefaultQuartzScheduler_Worker-1] but has failed to stop it. This is very likely to create a memory leak.
六月 06, 2018 8:22:59 上午 org.apache.catalina.loader.WebappClassLoader clearReferencesThreads
严重: The web application [/redsqirl] appears to have started a thread named [DefaultQuartzScheduler_Worker-2] but has failed to stop it. This is very likely to create a memory leak.
六月 06, 2018 8:22:59 上午 org.apache.catalina.loader.WebappClassLoader clearReferencesThreads
严重: The web application [/redsqirl] appears to have started a thread named [DefaultQuartzScheduler_Worker-3] but has failed to stop it. This is very likely to create a memory leak.
六月 06, 2018 8:22:59 上午 org.apache.catalina.loader.WebappClassLoader clearReferencesThreads
严重: The web application [/redsqirl] appears to have started a thread named [DefaultQuartzScheduler_Worker-4] but has failed to stop it. This is very likely to create a memory leak.
六月 06, 2018 8:22:59 上午 org.apache.catalina.loader.WebappClassLoader clearReferencesThreads
严重: The web application [/redsqirl] appears to have started a thread named [DefaultQuartzScheduler_Worker-5] but has failed to stop it. This is very likely to create a memory leak.
六月 06, 2018 8:22:59 上午 org.apache.catalina.loader.WebappClassLoader clearReferencesThreads
严重: The web application [/redsqirl] appears to have started a thread named [DefaultQuartzScheduler_Worker-6] but has failed to stop it. This is very likely to create a memory leak.
六月 06, 2018 8:22:59 上午 org.apache.catalina.loader.WebappClassLoader clearReferencesThreads
严重: The web application [/redsqirl] appears to have started a thread named [DefaultQuartzScheduler_Worker-7] but has failed to stop it. This is very likely to create a memory leak.
六月 06, 2018 8:22:59 上午 org.apache.catalina.loader.WebappClassLoader clearReferencesThreads
严重: The web application [/redsqirl] appears to have started a thread named [DefaultQuartzScheduler_Worker-8] but has failed to stop it. This is very likely to create a memory leak.
六月 06, 2018 8:22:59 上午 org.apache.catalina.loader.WebappClassLoader clearReferencesThreads
严重: The web application [/redsqirl] appears to have started a thread named [DefaultQuartzScheduler_Worker-9] but has failed to stop it. This is very likely to create a memory leak.
六月 06, 2018 8:22:59 上午 org.apache.catalina.loader.WebappClassLoader clearReferencesThreads
严重: The web application [/redsqirl] appears to have started a thread named [DefaultQuartzScheduler_Worker-10] but has failed to stop it. This is very likely to create a memory leak.
六月 06, 2018 8:22:59 上午 org.apache.catalina.loader.WebappClassLoader clearReferencesThreads
严重: The web application [/redsqirl] appears to have started a thread named [Timer-0] but has failed to stop it. This is very likely to create a memory leak.
六月 06, 2018 8:22:59 上午 org.apache.catalina.loader.WebappClassLoader clearReferencesThreads
严重: The web application [/redsqirl] appears to have started a thread named [DefaultQuartzScheduler_QuartzSchedulerThread] but has failed to stop it. This is very likely to create a memory leak.
六月 06, 2018 8:22:59 上午 org.apache.coyote.AbstractProtocol stop
信息: Stopping ProtocolHandler ["ajp-bio-8009"]
六月 06, 2018 8:22:59 上午 org.apache.coyote.AbstractProtocol stop
信息: Stopping ProtocolHandler ["http-nio-8080"]
六月 06, 2018 8:22:59 上午 org.apache.coyote.AbstractProtocol destroy
信息: Destroying ProtocolHandler ["http-nio-8080"]
六月 06, 2018 8:22:59 上午 org.apache.coyote.AbstractProtocol destroy
信息: Destroying ProtocolHandler ["ajp-bio-8009"]
六月 06, 2018 3:44:58 下午 org.apache.catalina.startup.VersionLoggerListener log
信息: Server version:        Apache Tomcat/7.0.62
六月 06, 2018 3:44:58 下午 org.apache.catalina.startup.VersionLoggerListener log
信息: Server built:          May 7 2015 17:14:55 UTC
六月 06, 2018 3:44:58 下午 org.apache.catalina.startup.VersionLoggerListener log
信息: Server number:         7.0.62.0
六月 06, 2018 3:44:58 下午 org.apache.catalina.startup.VersionLoggerListener log
信息: OS Name:               Windows 10
六月 06, 2018 3:44:58 下午 org.apache.catalina.startup.VersionLoggerListener log
信息: OS Version:            10.0
六月 06, 2018 3:44:58 下午 org.apache.catalina.startup.VersionLoggerListener log
信息: Architecture:          x86
六月 06, 2018 3:44:58 下午 org.apache.catalina.startup.VersionLoggerListener log
信息: Java Home:             D:\Program Files\Java\jdk1.8.0_92\jre
六月 06, 2018 3:44:58 下午 org.apache.catalina.startup.VersionLoggerListener log
信息: JVM Version:           1.8.0_92-b14
六月 06, 2018 3:44:58 下午 org.apache.catalina.startup.VersionLoggerListener log
信息: JVM Vendor:            Oracle Corporation
六月 06, 2018 3:44:58 下午 org.apache.catalina.startup.VersionLoggerListener log
信息: CATALINA_BASE:         C:/Users/u/Desktop/red/redsqirl-hadoop-2.7.3-hive-1.2.1--1.5/apache-tomcat-7.0.42
六月 06, 2018 3:44:58 下午 org.apache.catalina.startup.VersionLoggerListener log
信息: CATALINA_HOME:         C:/Users/u/Desktop/red/redsqirl-hadoop-2.7.3-hive-1.2.1--1.5/apache-tomcat-7.0.42
六月 06, 2018 3:44:58 下午 org.apache.catalina.startup.VersionLoggerListener log
信息: Command line argument: -Djava.util.logging.config.file=C:/Users/u/Desktop/red/redsqirl-hadoop-2.7.3-hive-1.2.1--1.5/apache-tomcat-7.0.42/conf/logging.properties
六月 06, 2018 3:44:58 下午 org.apache.catalina.startup.VersionLoggerListener log
信息: Command line argument: -Djava.util.logging.manager=org.apache.juli.ClassLoaderLogManager
六月 06, 2018 3:44:58 下午 org.apache.catalina.startup.VersionLoggerListener log
信息: Command line argument: -Djava.endorsed.dirs=C:/Users/u/Desktop/red/redsqirl-hadoop-2.7.3-hive-1.2.1--1.5/apache-tomcat-7.0.42/endorsed
六月 06, 2018 3:44:58 下午 org.apache.catalina.startup.VersionLoggerListener log
信息: Command line argument: -Dcatalina.base=C:/Users/u/Desktop/red/redsqirl-hadoop-2.7.3-hive-1.2.1--1.5/apache-tomcat-7.0.42
六月 06, 2018 3:44:58 下午 org.apache.catalina.startup.VersionLoggerListener log
信息: Command line argument: -Dcatalina.home=C:/Users/u/Desktop/red/redsqirl-hadoop-2.7.3-hive-1.2.1--1.5/apache-tomcat-7.0.42
六月 06, 2018 3:44:58 下午 org.apache.catalina.startup.VersionLoggerListener log
信息: Command line argument: -Djava.io.tmpdir=C:/Users/u/Desktop/red/redsqirl-hadoop-2.7.3-hive-1.2.1--1.5/apache-tomcat-7.0.42/temp
六月 06, 2018 3:44:58 下午 org.apache.catalina.core.AprLifecycleListener lifecycleEvent
信息: The APR based Apache Tomcat Native library which allows optimal performance in production environments was not found on the java.library.path: D:\Program Files\Java\jdk1.8.0_92\bin;C:\WINDOWS\Sun\Java\bin;C:\WINDOWS\system32;C:\WINDOWS;C:\Users\u\bin;D:\Program Files\Git\mingw32\bin;D:\Program Files\Git\usr\local\bin;D:\Program Files\Git\usr\bin;D:\Program Files\Git\usr\bin;D:\Program Files\Git\mingw32\bin;D:\Program Files\Git\usr\bin;C:\Users\u\bin;C:\WINDOWS\system32;C:\WINDOWS;C:\WINDOWS\System32\Wbem;C:\WINDOWS\System32\WindowsPowerShell\v1.0;C:\Program Files\ATI Technologies\ATI.ACE\Core-Static;C:\WINDOWS\System32\OpenSSH;D:\Program Files\Git\cmd;C:\Users\u\AppData\Local\Microsoft\WindowsApps;D:\grails-3.3.5\bin;D:\neo-java-web-sdk-3.47.19\tools;D:\Program Files\CloudFoundry;D:\Program Files\Java\jdk1.8.0_92\bin;D:\OpenSSL-Win32\bin;D:\Program Files\Git\usr\bin\vendor_perl;D:\Program Files\Git\usr\bin\core_perl;.
六月 06, 2018 3:45:00 下午 org.apache.coyote.AbstractProtocol init
信息: Initializing ProtocolHandler ["http-bio-8842"]
六月 06, 2018 3:45:00 下午 org.apache.coyote.AbstractProtocol init
信息: Initializing ProtocolHandler ["ajp-bio-8009"]
六月 06, 2018 3:45:00 下午 org.apache.catalina.startup.Catalina load
信息: Initialization processed in 3284 ms
六月 06, 2018 3:45:01 下午 org.apache.catalina.core.StandardService startInternal
信息: Starting service Catalina
六月 06, 2018 3:45:01 下午 org.apache.catalina.core.StandardEngine startInternal
信息: Starting Servlet Engine: Apache Tomcat/7.0.62
六月 06, 2018 3:45:01 下午 org.apache.catalina.startup.HostConfig deployWAR
信息: Deploying web application archive C:\Users\u\Desktop\red\redsqirl-hadoop-2.7.3-hive-1.2.1--1.5\apache-tomcat-7.0.42\webapps\redsqirl.war
六月 06, 2018 3:45:14 下午 org.apache.catalina.startup.TldConfig execute
信息: At least one JAR was scanned for TLDs yet contained no TLDs. Enable debug logging for this logger for a complete list of JARs that were scanned but no TLDs were found in them. Skipping unneeded JARs during scanning can improve startup time and JSP compilation time.
六月 06, 2018 3:45:14 下午 org.apache.catalina.core.StandardContext addApplicationListener
信息: The listener "com.sun.faces.config.ConfigureListener" is already configured for this context. The duplicate definition has been ignored.
六月 06, 2018 3:45:14 下午 com.sun.faces.config.WebConfiguration processBooleanParameters
警告: JSF1025: [/redsqirl] Context initialization parameter 'com.sun.faces.disableVersionTracking' is deprecated and will have no effect.  
六月 06, 2018 3:45:14 下午 com.sun.faces.config.ConfigureListener contextInitialized
信息: Initializing Mojarra (1.2_15-20100816-SNAPSHOT) for context '/redsqirl'
六月 06, 2018 3:45:17 下午 com.sun.faces.spi.InjectionProviderFactory createInstance
信息: JSF1048: PostConstruct/PreDestroy annotations present.  ManagedBeans methods marked with these annotations will have said annotations processed.
15:45:18,316 ERROR ServletContextApp:78 - Created registry
SLF4J: Failed to load class "org.slf4j.impl.StaticLoggerBinder".
SLF4J: Defaulting to no-operation (NOP) logger implementation
SLF4J: See http://www.slf4j.org/codes.html#StaticLoggerBinder for further details.
六月 06, 2018 3:45:18 下午 org.apache.catalina.startup.HostConfig deployWAR
信息: Deployment of web application archive C:\Users\u\Desktop\red\redsqirl-hadoop-2.7.3-hive-1.2.1--1.5\apache-tomcat-7.0.42\webapps\redsqirl.war has finished in 17,338 ms
六月 06, 2018 3:45:18 下午 org.apache.catalina.startup.HostConfig deployDirectory
信息: Deploying web application directory C:\Users\u\Desktop\red\redsqirl-hadoop-2.7.3-hive-1.2.1--1.5\apache-tomcat-7.0.42\webapps\docs
六月 06, 2018 3:45:18 下午 org.apache.catalina.startup.HostConfig deployDirectory
信息: Deployment of web application directory C:\Users\u\Desktop\red\redsqirl-hadoop-2.7.3-hive-1.2.1--1.5\apache-tomcat-7.0.42\webapps\docs has finished in 156 ms
六月 06, 2018 3:45:18 下午 org.apache.catalina.startup.HostConfig deployDirectory
信息: Deploying web application directory C:\Users\u\Desktop\red\redsqirl-hadoop-2.7.3-hive-1.2.1--1.5\apache-tomcat-7.0.42\webapps\examples
六月 06, 2018 3:45:21 下午 org.apache.catalina.startup.HostConfig deployDirectory
信息: Deployment of web application directory C:\Users\u\Desktop\red\redsqirl-hadoop-2.7.3-hive-1.2.1--1.5\apache-tomcat-7.0.42\webapps\examples has finished in 3,029 ms
六月 06, 2018 3:45:21 下午 org.apache.catalina.startup.HostConfig deployDirectory
信息: Deploying web application directory C:\Users\u\Desktop\red\redsqirl-hadoop-2.7.3-hive-1.2.1--1.5\apache-tomcat-7.0.42\webapps\host-manager
六月 06, 2018 3:45:22 下午 org.apache.catalina.startup.HostConfig deployDirectory
信息: Deployment of web application directory C:\Users\u\Desktop\red\redsqirl-hadoop-2.7.3-hive-1.2.1--1.5\apache-tomcat-7.0.42\webapps\host-manager has finished in 192 ms
六月 06, 2018 3:45:22 下午 org.apache.catalina.startup.HostConfig deployDirectory
信息: Deploying web application directory C:\Users\u\Desktop\red\redsqirl-hadoop-2.7.3-hive-1.2.1--1.5\apache-tomcat-7.0.42\webapps\manager
六月 06, 2018 3:45:22 下午 org.apache.catalina.startup.HostConfig deployDirectory
信息: Deployment of web application directory C:\Users\u\Desktop\red\redsqirl-hadoop-2.7.3-hive-1.2.1--1.5\apache-tomcat-7.0.42\webapps\manager has finished in 174 ms
六月 06, 2018 3:45:22 下午 org.apache.catalina.startup.HostConfig deployDirectory
信息: Deploying web application directory C:\Users\u\Desktop\red\redsqirl-hadoop-2.7.3-hive-1.2.1--1.5\apache-tomcat-7.0.42\webapps\ROOT
六月 06, 2018 3:45:22 下午 org.apache.catalina.startup.HostConfig deployDirectory
信息: Deployment of web application directory C:\Users\u\Desktop\red\redsqirl-hadoop-2.7.3-hive-1.2.1--1.5\apache-tomcat-7.0.42\webapps\ROOT has finished in 73 ms
六月 06, 2018 3:45:22 下午 org.apache.coyote.AbstractProtocol start
信息: Starting ProtocolHandler ["http-bio-8842"]
六月 06, 2018 3:45:22 下午 org.apache.coyote.AbstractProtocol start
信息: Starting ProtocolHandler ["ajp-bio-8009"]
六月 06, 2018 3:45:22 下午 org.apache.catalina.startup.Catalina start
信息: Server startup in 21393 ms
六月 06, 2018 3:45:47 下午 org.apache.catalina.core.StandardServer await
信息: A valid shutdown command was received via the shutdown port. Stopping the Server instance.
六月 06, 2018 3:45:47 下午 org.apache.coyote.AbstractProtocol pause
信息: Pausing ProtocolHandler ["http-bio-8842"]
六月 06, 2018 3:45:47 下午 org.apache.coyote.AbstractProtocol pause
信息: Pausing ProtocolHandler ["ajp-bio-8009"]
六月 06, 2018 3:45:47 下午 org.apache.catalina.core.StandardService stopInternal
信息: Stopping service Catalina
六月 06, 2018 3:45:47 下午 org.apache.catalina.loader.WebappClassLoader clearReferencesThreads
严重: The web application [/redsqirl] appears to have started a thread named [DefaultQuartzScheduler_Worker-1] but has failed to stop it. This is very likely to create a memory leak.
六月 06, 2018 3:45:47 下午 org.apache.catalina.loader.WebappClassLoader clearReferencesThreads
严重: The web application [/redsqirl] appears to have started a thread named [DefaultQuartzScheduler_Worker-2] but has failed to stop it. This is very likely to create a memory leak.
六月 06, 2018 3:45:47 下午 org.apache.catalina.loader.WebappClassLoader clearReferencesThreads
严重: The web application [/redsqirl] appears to have started a thread named [DefaultQuartzScheduler_Worker-3] but has failed to stop it. This is very likely to create a memory leak.
六月 06, 2018 3:45:47 下午 org.apache.catalina.loader.WebappClassLoader clearReferencesThreads
严重: The web application [/redsqirl] appears to have started a thread named [DefaultQuartzScheduler_Worker-4] but has failed to stop it. This is very likely to create a memory leak.
六月 06, 2018 3:45:47 下午 org.apache.catalina.loader.WebappClassLoader clearReferencesThreads
严重: The web application [/redsqirl] appears to have started a thread named [DefaultQuartzScheduler_Worker-5] but has failed to stop it. This is very likely to create a memory leak.
六月 06, 2018 3:45:47 下午 org.apache.catalina.loader.WebappClassLoader clearReferencesThreads
严重: The web application [/redsqirl] appears to have started a thread named [DefaultQuartzScheduler_Worker-6] but has failed to stop it. This is very likely to create a memory leak.
六月 06, 2018 3:45:47 下午 org.apache.catalina.loader.WebappClassLoader clearReferencesThreads
严重: The web application [/redsqirl] appears to have started a thread named [DefaultQuartzScheduler_Worker-7] but has failed to stop it. This is very likely to create a memory leak.
六月 06, 2018 3:45:47 下午 org.apache.catalina.loader.WebappClassLoader clearReferencesThreads
严重: The web application [/redsqirl] appears to have started a thread named [DefaultQuartzScheduler_Worker-8] but has failed to stop it. This is very likely to create a memory leak.
六月 06, 2018 3:45:47 下午 org.apache.catalina.loader.WebappClassLoader clearReferencesThreads
严重: The web application [/redsqirl] appears to have started a thread named [DefaultQuartzScheduler_Worker-9] but has failed to stop it. This is very likely to create a memory leak.
六月 06, 2018 3:45:47 下午 org.apache.catalina.loader.WebappClassLoader clearReferencesThreads
严重: The web application [/redsqirl] appears to have started a thread named [DefaultQuartzScheduler_Worker-10] but has failed to stop it. This is very likely to create a memory leak.
六月 06, 2018 3:45:47 下午 org.apache.catalina.loader.WebappClassLoader clearReferencesThreads
严重: The web application [/redsqirl] appears to have started a thread named [Timer-0] but has failed to stop it. This is very likely to create a memory leak.
六月 06, 2018 3:45:47 下午 org.apache.catalina.loader.WebappClassLoader clearReferencesThreads
严重: The web application [/redsqirl] appears to have started a thread named [DefaultQuartzScheduler_QuartzSchedulerThread] but has failed to stop it. This is very likely to create a memory leak.
六月 06, 2018 3:45:47 下午 org.apache.coyote.AbstractProtocol stop
信息: Stopping ProtocolHandler ["http-bio-8842"]
六月 06, 2018 3:45:47 下午 org.apache.coyote.AbstractProtocol stop
信息: Stopping ProtocolHandler ["ajp-bio-8009"]
六月 06, 2018 3:45:47 下午 org.apache.coyote.AbstractProtocol destroy
信息: Destroying ProtocolHandler ["http-bio-8842"]
六月 06, 2018 3:45:47 下午 org.apache.coyote.AbstractProtocol destroy
信息: Destroying ProtocolHandler ["ajp-bio-8009"]
六月 06, 2018 3:45:48 下午 org.apache.catalina.startup.VersionLoggerListener log
信息: Server version:        Apache Tomcat/7.0.62
六月 06, 2018 3:45:48 下午 org.apache.catalina.startup.VersionLoggerListener log
信息: Server built:          May 7 2015 17:14:55 UTC
六月 06, 2018 3:45:48 下午 org.apache.catalina.startup.VersionLoggerListener log
信息: Server number:         7.0.62.0
六月 06, 2018 3:45:48 下午 org.apache.catalina.startup.VersionLoggerListener log
信息: OS Name:               Windows 10
六月 06, 2018 3:45:48 下午 org.apache.catalina.startup.VersionLoggerListener log
信息: OS Version:            10.0
六月 06, 2018 3:45:48 下午 org.apache.catalina.startup.VersionLoggerListener log
信息: Architecture:          x86
六月 06, 2018 3:45:48 下午 org.apache.catalina.startup.VersionLoggerListener log
信息: Java Home:             D:\Program Files\Java\jdk1.8.0_92\jre
六月 06, 2018 3:45:48 下午 org.apache.catalina.startup.VersionLoggerListener log
信息: JVM Version:           1.8.0_92-b14
六月 06, 2018 3:45:48 下午 org.apache.catalina.startup.VersionLoggerListener log
信息: JVM Vendor:            Oracle Corporation
六月 06, 2018 3:45:48 下午 org.apache.catalina.startup.VersionLoggerListener log
信息: CATALINA_BASE:         C:/Users/u/Desktop/red/redsqirl-hadoop-2.7.3-hive-1.2.1--1.5/apache-tomcat-7.0.42
六月 06, 2018 3:45:48 下午 org.apache.catalina.startup.VersionLoggerListener log
信息: CATALINA_HOME:         C:/Users/u/Desktop/red/redsqirl-hadoop-2.7.3-hive-1.2.1--1.5/apache-tomcat-7.0.42
六月 06, 2018 3:45:48 下午 org.apache.catalina.startup.VersionLoggerListener log
信息: Command line argument: -Djava.util.logging.config.file=C:/Users/u/Desktop/red/redsqirl-hadoop-2.7.3-hive-1.2.1--1.5/apache-tomcat-7.0.42/conf/logging.properties
六月 06, 2018 3:45:48 下午 org.apache.catalina.startup.VersionLoggerListener log
信息: Command line argument: -Djava.util.logging.manager=org.apache.juli.ClassLoaderLogManager
六月 06, 2018 3:45:48 下午 org.apache.catalina.startup.VersionLoggerListener log
信息: Command line argument: -Djava.endorsed.dirs=C:/Users/u/Desktop/red/redsqirl-hadoop-2.7.3-hive-1.2.1--1.5/apache-tomcat-7.0.42/endorsed
六月 06, 2018 3:45:48 下午 org.apache.catalina.startup.VersionLoggerListener log
信息: Command line argument: -Dcatalina.base=C:/Users/u/Desktop/red/redsqirl-hadoop-2.7.3-hive-1.2.1--1.5/apache-tomcat-7.0.42
六月 06, 2018 3:45:48 下午 org.apache.catalina.startup.VersionLoggerListener log
信息: Command line argument: -Dcatalina.home=C:/Users/u/Desktop/red/redsqirl-hadoop-2.7.3-hive-1.2.1--1.5/apache-tomcat-7.0.42
六月 06, 2018 3:45:48 下午 org.apache.catalina.startup.VersionLoggerListener log
信息: Command line argument: -Djava.io.tmpdir=C:/Users/u/Desktop/red/redsqirl-hadoop-2.7.3-hive-1.2.1--1.5/apache-tomcat-7.0.42/temp
六月 06, 2018 3:45:48 下午 org.apache.catalina.core.AprLifecycleListener lifecycleEvent
信息: The APR based Apache Tomcat Native library which allows optimal performance in production environments was not found on the java.library.path: D:\Program Files\Java\jdk1.8.0_92\bin;C:\WINDOWS\Sun\Java\bin;C:\WINDOWS\system32;C:\WINDOWS;C:\Users\u\bin;D:\Program Files\Git\mingw32\bin;D:\Program Files\Git\usr\local\bin;D:\Program Files\Git\usr\bin;D:\Program Files\Git\usr\bin;D:\Program Files\Git\mingw32\bin;D:\Program Files\Git\usr\bin;C:\Users\u\bin;C:\WINDOWS\system32;C:\WINDOWS;C:\WINDOWS\System32\Wbem;C:\WINDOWS\System32\WindowsPowerShell\v1.0;C:\Program Files\ATI Technologies\ATI.ACE\Core-Static;C:\WINDOWS\System32\OpenSSH;D:\Program Files\Git\cmd;C:\Users\u\AppData\Local\Microsoft\WindowsApps;D:\grails-3.3.5\bin;D:\neo-java-web-sdk-3.47.19\tools;D:\Program Files\CloudFoundry;D:\Program Files\Java\jdk1.8.0_92\bin;D:\OpenSSL-Win32\bin;D:\Program Files\Git\usr\bin\vendor_perl;D:\Program Files\Git\usr\bin\core_perl;.
六月 06, 2018 3:45:48 下午 org.apache.coyote.AbstractProtocol init
信息: Initializing ProtocolHandler ["http-bio-8842"]
六月 06, 2018 3:45:48 下午 org.apache.coyote.AbstractProtocol init
信息: Initializing ProtocolHandler ["ajp-bio-8009"]
六月 06, 2018 3:45:48 下午 org.apache.catalina.startup.Catalina load
信息: Initialization processed in 642 ms
六月 06, 2018 3:45:48 下午 org.apache.catalina.core.StandardService startInternal
信息: Starting service Catalina
六月 06, 2018 3:45:48 下午 org.apache.catalina.core.StandardEngine startInternal
信息: Starting Servlet Engine: Apache Tomcat/7.0.62
六月 06, 2018 3:45:48 下午 org.apache.catalina.startup.HostConfig deployWAR
信息: Deploying web application archive C:\Users\u\Desktop\red\redsqirl-hadoop-2.7.3-hive-1.2.1--1.5\apache-tomcat-7.0.42\webapps\redsqirl.war
