六月 06, 2018 7:47:38 上午 org.apache.catalina.core.ApplicationContext log
信息: ContextListener: contextInitialized()
六月 06, 2018 7:47:38 上午 org.apache.catalina.core.ApplicationContext log
信息: SessionListener: contextInitialized()
六月 06, 2018 7:47:38 上午 org.apache.catalina.core.ApplicationContext log
信息: ContextListener: attributeAdded('org.apache.jasper.compiler.TldLocationsCache', 'org.apache.jasper.compiler.TldLocationsCache@16b4d88')
六月 06, 2018 8:22:57 上午 org.apache.catalina.core.ApplicationContext log
信息: SessionListener: contextDestroyed()
六月 06, 2018 8:22:57 上午 org.apache.catalina.core.ApplicationContext log
信息: ContextListener: contextDestroyed()
六月 06, 2018 3:45:21 下午 org.apache.catalina.core.ApplicationContext log
信息: ContextListener: contextInitialized()
六月 06, 2018 3:45:21 下午 org.apache.catalina.core.ApplicationContext log
信息: SessionListener: contextInitialized()
六月 06, 2018 3:45:21 下午 org.apache.catalina.core.ApplicationContext log
信息: ContextListener: attributeAdded('org.apache.jasper.compiler.TldLocationsCache', 'org.apache.jasper.compiler.TldLocationsCache@1ee48f3')
六月 06, 2018 3:45:47 下午 org.apache.catalina.core.ApplicationContext log
信息: SessionListener: contextDestroyed()
六月 06, 2018 3:45:47 下午 org.apache.catalina.core.ApplicationContext log
信息: ContextListener: contextDestroyed()
